<?xml version="1.0" encoding="UTF-8"?>
<coverage generated="1754565382849" clover="3.2.0">
  <project timestamp="1754565382849" name="All files">
    <metrics statements="26" coveredstatements="26" conditionals="4" coveredconditionals="4" methods="6" coveredmethods="6" elements="36" coveredelements="36" complexity="0" loc="26" ncloc="26" packages="1" files="2" classes="2"/>
    <file name="Chart.tsx" path="/Users/alex/absurd/src/components/Chart.tsx">
      <metrics statements="6" coveredstatements="6" conditionals="0" coveredconditionals="0" methods="3" coveredmethods="3"/>
      <line num="2" count="1" type="stmt"/>
      <line num="9" count="1" type="stmt"/>
      <line num="10" count="3" type="stmt"/>
      <line num="15" count="1" type="stmt"/>
      <line num="36" count="3" type="stmt"/>
      <line num="47" count="1" type="stmt"/>
    </file>
    <file name="PromptForm.tsx" path="/Users/alex/absurd/src/components/PromptForm.tsx">
      <metrics statements="20" coveredstatements="20" conditionals="4" coveredconditionals="4" methods="3" coveredmethods="3"/>
      <line num="1" count="1" type="stmt"/>
      <line num="2" count="1" type="stmt"/>
      <line num="3" count="1" type="stmt"/>
      <line num="4" count="1" type="stmt"/>
      <line num="5" count="1" type="stmt"/>
      <line num="7" count="1" type="stmt"/>
      <line num="8" count="5" type="stmt"/>
      <line num="9" count="5" type="stmt"/>
      <line num="10" count="5" type="stmt"/>
      <line num="12" count="5" type="stmt"/>
      <line num="13" count="2" type="stmt"/>
      <line num="14" count="2" type="stmt"/>
      <line num="15" count="2" type="stmt"/>
      <line num="16" count="2" type="stmt"/>
      <line num="18" count="2" type="cond" truecount="2" falsecount="0"/>
      <line num="19" count="1" type="stmt"/>
      <line num="21" count="1" type="stmt"/>
      <line num="25" count="5" type="stmt"/>
      <line num="35" count="2" type="stmt"/>
      <line num="54" count="1" type="stmt"/>
    </file>
  </project>
</coverage>
