TN:
SF:src/components/Chart.tsx
FN:9,(anonymous_0)
FN:10,(anonymous_1)
FN:35,(anonymous_2)
FNF:3
FNH:3
FNDA:1,(anonymous_0)
FNDA:3,(anonymous_1)
FNDA:3,(anonymous_2)
DA:2,1
DA:9,1
DA:10,3
DA:15,1
DA:36,3
DA:47,1
LF:6
LH:6
BRF:0
BRH:0
end_of_record
TN:
SF:src/components/PromptForm.tsx
FN:7,(anonymous_0)
FN:12,(anonymous_1)
FN:35,(anonymous_2)
FNF:3
FNH:3
FNDA:5,(anonymous_0)
FNDA:2,(anonymous_1)
FNDA:2,(anonymous_2)
DA:1,1
DA:2,1
DA:3,1
DA:4,1
DA:5,1
DA:7,1
DA:8,5
DA:9,5
DA:10,5
DA:12,5
DA:13,2
DA:14,2
DA:15,2
DA:16,2
DA:18,2
DA:19,1
DA:21,1
DA:25,5
DA:35,2
DA:54,1
LF:20
LH:20
BRDA:18,0,0,1
BRDA:18,0,1,1
BRDA:27,1,0,5
BRDA:27,1,1,1
BRF:4
BRH:4
end_of_record
